2016/10/18 15:54:15 にビルドを開始しました。
     1>ノード 2 上のプロジェクト "C:\Users\miyato\Desktop\Folding\Folding\Folding.vcxproj" (Build ターゲット)。
     1>ClCompile:
         C:\Program Files (x86)\Microsoft Visual Studio 12.0\VC\bin\x86_amd64\CL.exe /c /IC:\Eigens\eigen /I.\GeneratedFiles /I. /IC:\Qt\Qt5.5.1\5.5\msvc2013_64\include /I.\GeneratedFiles\Release /IC:\Qt\Qt5.5.1\5.5\msvc2013_64\include\QtCore /IC:\Qt\Qt5.5.1\5.5\msvc2013_64\include\QtGui /IC:\Qt\Qt5.5.1\5.5\msvc2013_64\include\QtOpenGL /IC:\Qt\Qt5.5.1\5.5\msvc2013_64\include\QtWidgets /I"C:\local\CGAL-4.7\auxiliary\gmp\include" /I"C:\local\CGAL-4.7\build\include" /I"C:\local\CGAL-4.7\include" /IC:\local\boost_1_58_0 /nologo /W1 /WX- /O2 /D UNICODE /D WIN32 /D WIN64 /D QT_DLL /D QT_NO_DEBUG /D NDEBUG /D QT_CORE_LIB /D QT_GUI_LIB /D QT_OPENGL_LIB /D QT_WIDGETS_LIB /Gm- /EHsc /MD /GS /fp:precise /Zc:wchar_t /Zc:forScope /Fo"x64\Release\\" /Fd"x64\Release\vc120.pdb" /Gd /TP /errorReport:prompt apps\metro\metro.cpp optimization.cpp
         metro.cpp
     1>.\vcg/complex/algorithms/smooth.h : warning C4819: ファイルは、現在のコード ページ (932) で表示できない文字を含んでいます。データの損失を防ぐために、ファイルを Unicode 形式で保存してください。
     1>.\vcg/complex/algorithms/update/color.h : warning C4819: ファイルは、現在のコード ページ (932) で表示できない文字を含んでいます。データの損失を防ぐために、ファイルを Unicode 形式で保存してください。
     1>apps\metro\metro.cpp(207): error C2065: 'Model' : 定義されていない識別子です。
     1>apps\metro\metro.cpp(207): error C2065: 'm' : 定義されていない識別子です。
     1>apps\metro\metro.cpp(207): error C2448: 'openMesh' : 関数の定義が間違っています。
     1>apps\metro\metro.cpp(332): error C2065: 'argv' : 定義されていない識別子です。
     1>apps\metro\metro.cpp(335): error C2065: 'argv' : 定義されていない識別子です。
     1>apps\metro\metro.cpp(408): error C2065: 'S1NewName' : 定義されていない識別子です。
     1>apps\metro\metro.cpp(408): error C2228: '.c_str' の左側はクラス、構造体、共用体でなければなりません
                 型は 'unknown-type' です。
     1>apps\metro\metro.cpp(408): error C2665: 'vcg::tri::io::ExporterPLY<CMesh>::Save' : 3 オーバーロードのどれも、すべての引数の型を変換できませんでした
                 .\wrap/io_trimesh/export_ply.h(89): 'int vcg::tri::io::ExporterPLY<CMesh>::Save(SaveMeshType &,const char *,int,bool,vcg::CallBackPos (__cdecl *))' の可能性があります。
                 with
                 [
                     SaveMeshType=CMesh
                 ]
                 .\wrap/io_trimesh/export_ply.h(83): または 'int vcg::tri::io::ExporterPLY<CMesh>::Save(SaveMeshType &,const char *,bool)'
                 with
                 [
                     SaveMeshType=CMesh
                 ]
                 引数リスト '(CMesh, bool, vcg::tri::io::PlyInfo)' を一致させようとしているとき
     1>apps\metro\metro.cpp(409): error C2065: 'S2NewName' : 定義されていない識別子です。
     1>apps\metro\metro.cpp(409): error C2228: '.c_str' の左側はクラス、構造体、共用体でなければなりません
                 型は 'unknown-type' です。
     1>apps\metro\metro.cpp(409): error C2665: 'vcg::tri::io::ExporterPLY<CMesh>::Save' : 3 オーバーロードのどれも、すべての引数の型を変換できませんでした
                 .\wrap/io_trimesh/export_ply.h(89): 'int vcg::tri::io::ExporterPLY<CMesh>::Save(SaveMeshType &,const char *,int,bool,vcg::CallBackPos (__cdecl *))' の可能性があります。
                 with
                 [
                     SaveMeshType=CMesh
                 ]
                 .\wrap/io_trimesh/export_ply.h(83): または 'int vcg::tri::io::ExporterPLY<CMesh>::Save(SaveMeshType &,const char *,bool)'
                 with
                 [
                     SaveMeshType=CMesh
                 ]
                 引数リスト '(CMesh, bool, vcg::tri::io::PlyInfo)' を一致させようとしているとき
         optimization.cpp
         コードを生成中...
     1>プロジェクト "C:\Users\miyato\Desktop\Folding\Folding\Folding.vcxproj" (Build ターゲット) のビルドが終了しました -- 失敗。

ビルドに失敗しました。

経過時間 00:00:57.64
