c:\users\miyato\desktop\folding\folding\x64\release\triangulation_cliping.obj
c:\users\miyato\desktop\folding\folding\x64\release\render.obj
c:\users\miyato\desktop\folding\folding\x64\release\trimfunc.obj
c:\users\miyato\desktop\folding\folding\x64\release\steepdescent.obj
c:\users\miyato\desktop\folding\folding\x64\release\simplifypath.obj
c:\users\miyato\desktop\folding\folding\x64\release\vecmath.obj
c:\users\miyato\desktop\folding\folding\x64\release\animation.obj
c:\users\miyato\desktop\folding\folding\x64\release\optimization.obj
c:\users\miyato\desktop\folding\folding\x64\release\model_function.obj
c:\users\miyato\desktop\folding\folding\x64\release\main.obj
c:\users\miyato\desktop\folding\folding\x64\release\inputfile.obj
c:\users\miyato\desktop\folding\folding\x64\release\foldingmethod.obj
c:\users\miyato\desktop\folding\folding\x64\release\definedata.obj
c:\users\miyato\desktop\folding\folding\x64\release\cgal_meshcontrole.obj
c:\users\miyato\desktop\folding\folding\x64\release\metro.obj
c:\users\miyato\desktop\folding\folding\x64\release\qrc_folding.obj
c:\users\miyato\desktop\folding\folding\x64\release\moc_render.obj
c:\users\miyato\desktop\folding\folding\x64\release\moc_folding.obj
c:\users\miyato\desktop\folding\folding\x64\release\folding.obj
c:\users\miyato\desktop\folding\folding\generatedfiles\qrc_folding.cpp
c:\users\miyato\desktop\folding\folding\generatedfiles\release\moc_folding.cpp
c:\users\miyato\desktop\folding\folding\generatedfiles\ui_folding.h
c:\users\miyato\desktop\folding\folding\generatedfiles\release\moc_render.cpp
c:\users\miyato\desktop\folding\x64\release\folding.exe
c:\users\miyato\desktop\folding\folding\x64\release\folding.tlog\cl.command.1.tlog
c:\users\miyato\desktop\folding\folding\x64\release\folding.tlog\cl.read.1.tlog
c:\users\miyato\desktop\folding\folding\x64\release\folding.tlog\cl.write.1.tlog
c:\users\miyato\desktop\folding\folding\x64\release\folding.tlog\custombuild.command.1.tlog
c:\users\miyato\desktop\folding\folding\x64\release\folding.tlog\custombuild.read.1.tlog
c:\users\miyato\desktop\folding\folding\x64\release\folding.tlog\custombuild.write.1.tlog
c:\users\miyato\desktop\folding\folding\x64\release\folding.tlog\link.command.1.tlog
c:\users\miyato\desktop\folding\folding\x64\release\folding.tlog\link.read.1.tlog
c:\users\miyato\desktop\folding\folding\x64\release\folding.tlog\link.write.1.tlog
