2016/09/12 22:44:25 にビルドを開始しました。
     1>ノード 2 上のプロジェクト "C:\Users\miyato\Desktop\Folding\Folding\Folding.vcxproj" (Build ターゲット)。
     1>CustomBuild:
         Moc'ing folding.h...
         Uic'ing folding.ui...
         Rcc'ing folding.qrc...
     1>RCC : warning : No resources in 'C:\Users\miyato\Desktop\Folding\Folding\folding.qrc'.
         
       ClCompile:
         C:\Program Files (x86)\Microsoft Visual Studio 12.0\VC\bin\x86_amd64\CL.exe /c /I.\GeneratedFiles /I. /IC:\Qt\Qt5.5.1\5.5\msvc2013_64\include /I.\GeneratedFiles\Debug /IC:\Qt\Qt5.5.1\5.5\msvc2013_64\include\QtCore /IC:\Qt\Qt5.5.1\5.5\msvc2013_64\include\QtGui /IC:\Qt\Qt5.5.1\5.5\msvc2013_64\include\QtOpenGL /IC:\Qt\Qt5.5.1\5.5\msvc2013_64\include\QtWidgets /Zi /nologo /W1 /WX- /Od /D UNICODE /D WIN32 /D WIN64 /D QT_DLL /D QT_CORE_LIB /D QT_GUI_LIB /D QT_OPENGL_LIB /D QT_WIDGETS_LIB /Gm- /EHsc /MDd /GS /fp:precise /Zc:wchar_t /Zc:forScope /Fo"x64\Debug\\" /Fd"x64\Debug\vc120.pdb" /Gd /TP /errorReport:prompt folding.cpp GeneratedFiles\Debug\moc_folding.cpp main.cpp
         folding.cpp
         moc_folding.cpp
         main.cpp
         コードを生成中...
         C:\Program Files (x86)\Microsoft Visual Studio 12.0\VC\bin\x86_amd64\CL.exe /c /I.\GeneratedFiles /I. /IC:\Qt\Qt5.5.1\5.5\msvc2013_64\include /I.\GeneratedFiles\Debug /IC:\Qt\Qt5.5.1\5.5\msvc2013_64\include\QtCore /IC:\Qt\Qt5.5.1\5.5\msvc2013_64\include\QtGui /IC:\Qt\Qt5.5.1\5.5\msvc2013_64\include\QtOpenGL /IC:\Qt\Qt5.5.1\5.5\msvc2013_64\include\QtWidgets /Zi /nologo /W1 /WX- /Od /D UNICODE /D WIN32 /D WIN64 /D QT_DLL /D QT_CORE_LIB /D QT_GUI_LIB /D QT_OPENGL_LIB /D QT_WIDGETS_LIB /Gm- /EHsc /MDd /GS /fp:precise /Zc:wchar_t /Zc:forScope /Fo"x64\Debug\\" /Fd"x64\Debug\vc120.pdb" /Gd /TP /errorReport:prompt GeneratedFiles\qrc_folding.cpp
         qrc_folding.cpp
       Link:
         C:\Program Files (x86)\Microsoft Visual Studio 12.0\VC\bin\x86_amd64\link.exe /ERRORREPORT:PROMPT /OUT:"C:\Users\miyato\Desktop\Folding\x64\Debug\\Folding.exe" /NOLOGO /LIBPATH:C:\Qt\Qt5.5.1\5.5\msvc2013_64\lib qtmaind.lib Qt5Cored.lib Qt5Guid.lib Qt5OpenGLd.lib opengl32.lib glu32.lib Qt5Widgetsd.lib kernel32.lib user32.lib gdi32.lib winspool.lib comdlg32.lib advapi32.lib shell32.lib ole32.lib oleaut32.lib uuid.lib odbc32.lib odbccp32.lib /MANIFEST /MANIFESTUAC:"level='asInvoker' uiAccess='false'" /manifest:embed /DEBUG /PDB:"C:\Users\miyato\Desktop\Folding\x64\Debug\Folding.pdb" /SUBSYSTEM:WINDOWS /TLBID:1 /DYNAMICBASE /NXCOMPAT /IMPLIB:"C:\Users\miyato\Desktop\Folding\x64\Debug\Folding.lib" /MACHINE:X64 x64\Debug\folding.obj
         x64\Debug\moc_folding.obj
         x64\Debug\qrc_folding.obj
         x64\Debug\main.obj
         Folding.vcxproj -> C:\Users\miyato\Desktop\Folding\x64\Debug\Folding.exe
     1>プロジェクト "C:\Users\miyato\Desktop\Folding\Folding\Folding.vcxproj" (Build ターゲット) のビルドが完了しました。

ビルドに成功しました。

経過時間 00:00:10.38
